[Sun Apr 24 05:49:50 2011] [notice] Apache configured -- resuming normal operations
[Sun Apr 24 05:49:50 2011] [notice] Server built: Oct 18 2010 01:36:23
[Sun Apr 24 05:49:50 2011] [notice] Parent: Created child process 1264
[Sun Apr 24 05:49:50 2011] [notice] Disabled use of AcceptEx() WinSock2 API
Apache server shutdown initiated...
Child 1264: Child process is running
[Sun Apr 24 05:49:50 2011] [notice] Child 1264: Acquired the start mutex.
[Sun Apr 24 05:49:50 2011] [notice] Child 1264: Starting 64 worker threads.
[Sun Apr 24 05:49:50 2011] [notice] Child 1264: Listening on port 8800.
[Sun Apr 24 05:50:58 2011] [error] [client 127.0.0.1] client denied by server configuration: E:/MicroApache-2.0.64-PHP-5.2.17/
[Sun Apr 24 05:50:58 2011] [error] [client 127.0.0.1] File does not exist: E:/favicon.ico
[Sun Apr 24 05:50:58 2011] [error] [client 127.0.0.1] File does not exist: E:/favicon.ico
[Sun Apr 24 05:50:59 2011] [error] [client 127.0.0.1] File does not exist: E:/favicon.ico
[Sun Apr 24 05:51:20 2011] [notice] Parent: Received shutdown signal -- Shutting down the server.
[Sun Apr 24 05:51:20 2011] [notice] Child 1264: Exit event signaled. Child process is ending.
[Sun Apr 24 05:51:21 2011] [notice] Child 1264: Released the start mutex
[Sun Apr 24 05:51:21 2011] [notice] Child 1264: All worker threads have exited.
[Sun Apr 24 05:51:21 2011] [notice] Child 1264: Child process is exiting
[Sun Apr 24 05:51:21 2011] [notice] Parent: Child process exited successfully.
[Sun Apr 24 05:53:35 2011] [notice] Apache configured -- resuming normal operations
[Sun Apr 24 05:53:35 2011] [notice] Server built: Oct 18 2010 01:36:23
[Sun Apr 24 05:53:35 2011] [notice] Parent: Created child process 1052
[Sun Apr 24 05:53:35 2011] [notice] Disabled use of AcceptEx() WinSock2 API
Apache server shutdown initiated...
Child 1052: Child process is running
[Sun Apr 24 05:53:35 2011] [notice] Child 1052: Acquired the start mutex.
[Sun Apr 24 05:53:35 2011] [notice] Child 1052: Starting 64 worker threads.
[Sun Apr 24 05:53:35 2011] [notice] Child 1052: Listening on port 8800.
[Sun Apr 24 05:54:20 2011] [error] [client 127.0.0.1] client denied by server configuration: E:/MicroApache-2.0.64-PHP-5.2.17/
[Sun Apr 24 05:56:53 2011] [error] [client 127.0.0.1] File does not exist: E:/pub, referer: http://localhost:8800/UniServer/www/wiki/pmwiki.php
[Sun Apr 24 05:56:53 2011] [error] [client 127.0.0.1] File does not exist: E:/pub, referer: http://localhost:8800/UniServer/www/wiki/pmwiki.php
[Sun Apr 24 05:56:53 2011] [error] [client 127.0.0.1] File does not exist: E:/pub, referer: http://localhost:8800/UniServer/www/wiki/pmwiki.php
[Sun Apr 24 05:56:53 2011] [error] [client 127.0.0.1] File does not exist: E:/pub, referer: http://localhost:8800/UniServer/www/wiki/pmwiki.php
[Sun Apr 24 05:56:53 2011] [error] [client 127.0.0.1] File does not exist: E:/pub, referer: http://localhost:8800/UniServer/www/wiki/pmwiki.php
[Sun Apr 24 05:56:53 2011] [error] [client 127.0.0.1] File does not exist: E:/pub, referer: http://localhost:8800/UniServer/www/wiki/pmwiki.php
[Sun Apr 24 05:56:53 2011] [error] [client 127.0.0.1] File does not exist: E:/pub, referer: http://localhost:8800/UniServer/www/wiki/pmwiki.php
[Sun Apr 24 05:56:53 2011] [error] [client 127.0.0.1] File does not exist: E:/pub, referer: http://localhost:8800/UniServer/www/wiki/pmwiki.php
[Sun Apr 24 05:58:26 2011] [notice] Parent: Received shutdown signal -- Shutting down the server.
[Sun Apr 24 05:58:26 2011] [notice] Child 1052: Exit event signaled. Child process is ending.
[Sun Apr 24 05:58:27 2011] [notice] Child 1052: Released the start mutex
[Sun Apr 24 05:58:28 2011] [notice] Child 1052: All worker threads have exited.
[Sun Apr 24 05:58:28 2011] [notice] Child 1052: Child process is exiting
[Sun Apr 24 05:58:28 2011] [notice] Parent: Child process exited successfully.
[Sun Apr 24 05:59:09 2011] [notice] Apache configured -- resuming normal operations
[Sun Apr 24 05:59:09 2011] [notice] Server built: Oct 18 2010 01:36:23
[Sun Apr 24 05:59:09 2011] [notice] Parent: Created child process 2472
[Sun Apr 24 05:59:09 2011] [notice] Disabled use of AcceptEx() WinSock2 API
Apache server shutdown initiated...
Child 2472: Child process is running
[Sun Apr 24 05:59:09 2011] [notice] Child 2472: Acquired the start mutex.
[Sun Apr 24 05:59:09 2011] [notice] Child 2472: Starting 64 worker threads.
[Sun Apr 24 05:59:09 2011] [notice] Child 2472: Listening on port 80.
[Sun Apr 24 05:59:16 2011] [error] [client 127.0.0.1] client denied by server configuration: E:/MicroApache-2.0.64-PHP-5.2.17/WIKI/
[Sun Apr 24 05:59:16 2011] [error] [client 127.0.0.1] client denied by server configuration: E:/MicroApache-2.0.64-PHP-5.2.17/WIKI/favicon.ico
[Sun Apr 24 05:59:16 2011] [error] [client 127.0.0.1] client denied by server configuration: E:/MicroApache-2.0.64-PHP-5.2.17/WIKI/favicon.ico
[Sun Apr 24 05:59:16 2011] [error] [client 127.0.0.1] client denied by server configuration: E:/MicroApache-2.0.64-PHP-5.2.17/WIKI/favicon.ico
[Sun Apr 24 05:59:21 2011] [error] [client 127.0.0.1] client denied by server configuration: E:/MicroApache-2.0.64-PHP-5.2.17/WIKI/pmwiki.php
[Sun Apr 24 05:59:31 2011] [error] [client 127.0.0.1] client denied by server configuration: E:/MicroApache-2.0.64-PHP-5.2.17/WIKI/favicon.ico
[Sun Apr 24 05:59:33 2011] [error] [client 127.0.0.1] client denied by server configuration: E:/MicroApache-2.0.64-PHP-5.2.17/WIKI/favicon.ico
[Sun Apr 24 05:59:34 2011] [error] [client 127.0.0.1] client denied by server configuration: E:/MicroApache-2.0.64-PHP-5.2.17/WIKI/favicon.ico
[Sun Apr 24 05:59:37 2011] [notice] Parent: Received shutdown signal -- Shutting down the server.
[Sun Apr 24 05:59:37 2011] [notice] Child 2472: Exit event signaled. Child process is ending.
[Sun Apr 24 05:59:38 2011] [notice] Child 2472: Released the start mutex
[Sun Apr 24 05:59:42 2011] [error] [client 127.0.0.1] client denied by server configuration: E:/MicroApache-2.0.64-PHP-5.2.17/WIKI/favicon.ico
[Sun Apr 24 05:59:43 2011] [notice] Child 2472: All worker threads have exited.
[Sun Apr 24 05:59:43 2011] [notice] Child 2472: Child process is exiting
[Sun Apr 24 06:00:14 2011] [warn] pid file e:/MicroApache-2.0.64-PHP-5.2.17/logs/httpd.pid overwritten -- Unclean shutdown of previous Apache run?
[Sun Apr 24 06:00:14 2011] [notice] Apache configured -- resuming normal operations
[Sun Apr 24 06:00:14 2011] [notice] Server built: Oct 18 2010 01:36:23
[Sun Apr 24 06:00:14 2011] [notice] Parent: Created child process 2288
[Sun Apr 24 06:00:14 2011] [notice] Disabled use of AcceptEx() WinSock2 API
Apache server shutdown initiated...
Child 2288: Child process is running
[Sun Apr 24 06:00:14 2011] [notice] Child 2288: Acquired the start mutex.
[Sun Apr 24 06:00:14 2011] [notice] Child 2288: Starting 64 worker threads.
[Sun Apr 24 06:00:14 2011] [notice] Child 2288: Listening on port 80.
[Sun Apr 24 06:00:18 2011] [error] [client 127.0.0.1] client denied by server configuration: E:/MicroApache-2.0.64-PHP-5.2.17/WIKI/favicon.ico
[Sun Apr 24 06:00:58 2011] [notice] Parent: Received shutdown signal -- Shutting down the server.
[Sun Apr 24 06:00:58 2011] [notice] Child 2288: Exit event signaled. Child process is ending.
[Sun Apr 24 06:00:59 2011] [notice] Child 2288: Released the start mutex
[Sun Apr 24 06:00:59 2011] [notice] Child 2288: All worker threads have exited.
[Sun Apr 24 06:00:59 2011] [notice] Child 2288: Child process is exiting
[Sun Apr 24 06:00:59 2011] [notice] Parent: Child process exited successfully.
[Sun Apr 24 06:01:08 2011] [notice] Apache configured -- resuming normal operations
[Sun Apr 24 06:01:08 2011] [notice] Server built: Oct 18 2010 01:36:23
[Sun Apr 24 06:01:08 2011] [notice] Parent: Created child process 2116
[Sun Apr 24 06:01:08 2011] [notice] Disabled use of AcceptEx() WinSock2 API
Apache server shutdown initiated...
Child 2116: Child process is running
[Sun Apr 24 06:01:08 2011] [notice] Child 2116: Acquired the start mutex.
[Sun Apr 24 06:01:08 2011] [notice] Child 2116: Starting 64 worker threads.
[Sun Apr 24 06:01:08 2011] [notice] Child 2116: Listening on port 80.
[Sun Apr 24 06:01:10 2011] [error] [client 127.0.0.1] client denied by server configuration: E:/MicroApache-2.0.64-PHP-5.2.17/favicon.ico
[Sun Apr 24 06:01:12 2011] [error] [client 127.0.0.1] client denied by server configuration: E:/MicroApache-2.0.64-PHP-5.2.17/favicon.ico
[Sun Apr 24 06:01:21 2011] [error] [client 127.0.0.1] client denied by server configuration: E:/MicroApache-2.0.64-PHP-5.2.17/WIKI/favicon.ico
[Sun Apr 24 06:01:30 2011] [error] [client 127.0.0.1] client denied by server configuration: E:/MicroApache-2.0.64-PHP-5.2.17/
[Sun Apr 24 06:01:31 2011] [error] [client 127.0.0.1] client denied by server configuration: E:/MicroApache-2.0.64-PHP-5.2.17/
[Sun Apr 24 06:01:50 2011] [notice] Parent: Received shutdown signal -- Shutting down the server.
[Sun Apr 24 06:01:50 2011] [notice] Child 2116: Exit event signaled. Child process is ending.
[Sun Apr 24 06:01:51 2011] [notice] Child 2116: Released the start mutex
[Sun Apr 24 06:01:51 2011] [notice] Child 2116: All worker threads have exited.
[Sun Apr 24 06:01:51 2011] [notice] Child 2116: Child process is exiting
[Sun Apr 24 06:01:51 2011] [notice] Parent: Child process exited successfully.
[Sun Apr 24 06:02:33 2011] [notice] Apache configured -- resuming normal operations
[Sun Apr 24 06:02:33 2011] [notice] Server built: Oct 18 2010 01:36:23
[Sun Apr 24 06:02:33 2011] [notice] Parent: Created child process 2568
[Sun Apr 24 06:02:33 2011] [notice] Disabled use of AcceptEx() WinSock2 API
Apache server shutdown initiated...
Child 2568: Child process is running
[Sun Apr 24 06:02:33 2011] [notice] Child 2568: Acquired the start mutex.
[Sun Apr 24 06:02:33 2011] [notice] Child 2568: Starting 64 worker threads.
[Sun Apr 24 06:02:33 2011] [notice] Child 2568: Listening on port 80.
[Sun Apr 24 06:02:35 2011] [error] [client 127.0.0.1] client denied by server configuration: E:/mapache/
[Sun Apr 24 06:02:36 2011] [error] [client 127.0.0.1] client denied by server configuration: E:/mapache/
[Sun Apr 24 06:02:38 2011] [error] [client 127.0.0.1] client denied by server configuration: E:/mapache/
[Sun Apr 24 06:02:38 2011] [error] [client 127.0.0.1] client denied by server configuration: E:/mapache/
[Sun Apr 24 06:02:55 2011] [notice] Parent: Received shutdown signal -- Shutting down the server.
[Sun Apr 24 06:02:55 2011] [notice] Child 2568: Exit event signaled. Child process is ending.
[Sun Apr 24 06:02:56 2011] [notice] Child 2568: Released the start mutex
[Sun Apr 24 06:02:56 2011] [notice] Child 2568: All worker threads have exited.
[Sun Apr 24 06:02:56 2011] [notice] Child 2568: Child process is exiting
[Sun Apr 24 06:02:56 2011] [notice] Parent: Child process exited successfully.
[Sun Apr 24 06:02:58 2011] [notice] Apache configured -- resuming normal operations
[Sun Apr 24 06:02:58 2011] [notice] Server built: Oct 18 2010 01:36:23
[Sun Apr 24 06:02:58 2011] [notice] Parent: Created child process 972
[Sun Apr 24 06:02:58 2011] [notice] Disabled use of AcceptEx() WinSock2 API
Apache server shutdown initiated...
Child 972: Child process is running
[Sun Apr 24 06:02:58 2011] [notice] Child 972: Acquired the start mutex.
[Sun Apr 24 06:02:58 2011] [notice] Child 972: Starting 64 worker threads.
[Sun Apr 24 06:02:58 2011] [notice] Child 972: Listening on port 80.
[Sun Apr 24 06:03:00 2011] [error] [client 127.0.0.1] client denied by server configuration: E:/mapache/
[Sun Apr 24 06:03:20 2011] [error] [client 127.0.0.1] client denied by server configuration: E:/mapache/
[Sun Apr 24 06:04:12 2011] [notice] Parent: Received shutdown signal -- Shutting down the server.
[Sun Apr 24 06:04:12 2011] [notice] Child 972: Exit event signaled. Child process is ending.
[Sun Apr 24 06:04:13 2011] [notice] Child 972: Released the start mutex
[Sun Apr 24 06:04:13 2011] [notice] Child 972: All worker threads have exited.
[Sun Apr 24 06:04:13 2011] [notice] Child 972: Child process is exiting
[Sun Apr 24 06:04:13 2011] [notice] Parent: Child process exited successfully.
[Sun Apr 24 06:04:18 2011] [notice] Apache configured -- resuming normal operations
[Sun Apr 24 06:04:18 2011] [notice] Server built: Oct 18 2010 01:36:23
[Sun Apr 24 06:04:18 2011] [notice] Parent: Created child process 3880
[Sun Apr 24 06:04:18 2011] [notice] Disabled use of AcceptEx() WinSock2 API
Apache server shutdown initiated...
Child 3880: Child process is running
[Sun Apr 24 06:04:19 2011] [notice] Child 3880: Acquired the start mutex.
[Sun Apr 24 06:04:19 2011] [notice] Child 3880: Starting 64 worker threads.
[Sun Apr 24 06:04:19 2011] [notice] Child 3880: Listening on port 80.
[Sun Apr 24 06:04:21 2011] [error] [client 127.0.0.1] client denied by server configuration: E:/mapache/
[Sun Apr 24 06:04:23 2011] [error] [client 127.0.0.1] client denied by server configuration: E:/mapache/
[Sun Apr 24 06:04:37 2011] [error] [client 127.0.0.1] client denied by server configuration: E:/mapache/
[Sun Apr 24 06:06:55 2011] [notice] Parent: Received shutdown signal -- Shutting down the server.
[Sun Apr 24 06:06:55 2011] [notice] Child 3880: Exit event signaled. Child process is ending.
[Sun Apr 24 06:06:56 2011] [notice] Child 3880: Released the start mutex
[Sun Apr 24 06:06:56 2011] [notice] Child 3880: All worker threads have exited.
[Sun Apr 24 06:06:56 2011] [notice] Child 3880: Child process is exiting
[Sun Apr 24 06:06:56 2011] [notice] Parent: Child process exited successfully.
[Sun Apr 24 06:06:58 2011] [notice] Apache configured -- resuming normal operations
[Sun Apr 24 06:06:58 2011] [notice] Server built: Oct 18 2010 01:36:23
[Sun Apr 24 06:06:58 2011] [notice] Parent: Created child process 2916
[Sun Apr 24 06:06:58 2011] [notice] Disabled use of AcceptEx() WinSock2 API
Apache server shutdown initiated...
Child 2916: Child process is running
[Sun Apr 24 06:06:58 2011] [notice] Child 2916: Acquired the start mutex.
[Sun Apr 24 06:06:58 2011] [notice] Child 2916: Starting 64 worker threads.
[Sun Apr 24 06:06:58 2011] [notice] Child 2916: Listening on port 80.
[Sun Apr 24 06:07:00 2011] [error] [client 127.0.0.1] client denied by server configuration: E:/mapache/
[Sun Apr 24 06:07:01 2011] [error] [client 127.0.0.1] client denied by server configuration: E:/mapache/
[Sun Apr 24 06:07:19 2011] [error] [client 127.0.0.1] client denied by server configuration: E:/mapache
[Sun Apr 24 06:07:26 2011] [notice] Parent: Received shutdown signal -- Shutting down the server.
[Sun Apr 24 06:07:26 2011] [notice] Child 2916: Exit event signaled. Child process is ending.
[Sun Apr 24 06:07:27 2011] [notice] Child 2916: Released the start mutex
[Sun Apr 24 06:07:34 2011] [notice] Child 2916: All worker threads have exited.
[Sun Apr 24 06:07:34 2011] [notice] Child 2916: Child process is exiting
[Sun Apr 24 06:07:53 2011] [warn] pid file E:/ma/logs/httpd.pid overwritten -- Unclean shutdown of previous Apache run?
[Sun Apr 24 06:07:53 2011] [notice] Apache configured -- resuming normal operations
[Sun Apr 24 06:07:53 2011] [notice] Server built: Oct 18 2010 01:36:23
[Sun Apr 24 06:07:53 2011] [notice] Parent: Created child process 3832
[Sun Apr 24 06:07:53 2011] [notice] Disabled use of AcceptEx() WinSock2 API
Apache server shutdown initiated...
Child 3832: Child process is running
[Sun Apr 24 06:07:53 2011] [notice] Child 3832: Acquired the start mutex.
[Sun Apr 24 06:07:53 2011] [notice] Child 3832: Starting 64 worker threads.
[Sun Apr 24 06:07:53 2011] [notice] Child 3832: Listening on port 80.
[Sun Apr 24 06:07:58 2011] [error] [client 127.0.0.1] client denied by server configuration: E:/ma/
[Sun Apr 24 06:08:08 2011] [error] [client 127.0.0.1] client denied by server configuration: E:/ma
[Sun Apr 24 06:08:10 2011] [error] [client 127.0.0.1] client denied by server configuration: E:/ma
[Sun Apr 24 06:08:30 2011] [notice] Parent: Received shutdown signal -- Shutting down the server.
[Sun Apr 24 06:08:30 2011] [notice] Child 3832: Exit event signaled. Child process is ending.
[Sun Apr 24 06:08:31 2011] [notice] Child 3832: Released the start mutex
[Sun Apr 24 06:08:31 2011] [notice] Child 3832: All worker threads have exited.
[Sun Apr 24 06:08:31 2011] [notice] Child 3832: Child process is exiting
[Sun Apr 24 06:08:31 2011] [notice] Parent: Child process exited successfully.
[Sun Apr 24 06:09:15 2011] [notice] Apache configured -- resuming normal operations
[Sun Apr 24 06:09:15 2011] [notice] Server built: Oct 18 2010 01:36:23
[Sun Apr 24 06:09:15 2011] [notice] Parent: Created child process 1820
[Sun Apr 24 06:09:15 2011] [notice] Disabled use of AcceptEx() WinSock2 API
Apache server shutdown initiated...
Child 1820: Child process is running
[Sun Apr 24 06:09:15 2011] [notice] Child 1820: Acquired the start mutex.
[Sun Apr 24 06:09:15 2011] [notice] Child 1820: Starting 64 worker threads.
[Sun Apr 24 06:09:15 2011] [notice] Child 1820: Listening on port 80.
[Sun Apr 24 06:09:18 2011] [error] [client 127.0.0.1] client denied by server configuration: E:/ma
[Sun Apr 24 06:09:19 2011] [error] [client 127.0.0.1] client denied by server configuration: E:/ma
[Sun Apr 24 06:09:21 2011] [error] [client 127.0.0.1] client denied by server configuration: E:/ma/
[Sun Apr 24 06:10:23 2011] [notice] Parent: Received shutdown signal -- Shutting down the server.
[Sun Apr 24 06:10:23 2011] [notice] Child 1820: Exit event signaled. Child process is ending.
[Sun Apr 24 06:10:24 2011] [notice] Child 1820: Released the start mutex
[Sun Apr 24 06:10:25 2011] [notice] Child 1820: All worker threads have exited.
[Sun Apr 24 06:10:25 2011] [notice] Child 1820: Child process is exiting
[Sun Apr 24 06:10:25 2011] [notice] Parent: Child process exited successfully.
[Sun Apr 24 06:10:33 2011] [notice] Apache configured -- resuming normal operations
[Sun Apr 24 06:10:33 2011] [notice] Server built: Oct 18 2010 01:36:23
[Sun Apr 24 06:10:33 2011] [notice] Parent: Created child process 2916
[Sun Apr 24 06:10:33 2011] [notice] Disabled use of AcceptEx() WinSock2 API
Apache server shutdown initiated...
Child 2916: Child process is running
[Sun Apr 24 06:10:34 2011] [notice] Child 2916: Acquired the start mutex.
[Sun Apr 24 06:10:34 2011] [notice] Child 2916: Starting 64 worker threads.
[Sun Apr 24 06:10:34 2011] [notice] Child 2916: Listening on port 80.
[Sun Apr 24 06:10:35 2011] [error] [client 127.0.0.1] client denied by server configuration: E:/ma/
[Sun Apr 24 06:10:48 2011] [error] [client 127.0.0.1] client denied by server configuration: E:/ma/WIKI/favicon.ico
[Sun Apr 24 06:11:11 2011] [error] [client 127.0.0.1] client denied by server configuration: E:/ma/WIKI/favicon.ico
[Sun Apr 24 06:11:12 2011] [error] [client 127.0.0.1] client denied by server configuration: E:/ma/WIKI/favicon.ico
[Sun Apr 24 06:11:31 2011] [error] [client 127.0.0.1] client denied by server configuration: E:/ma/WIKI/favicon.ico
[Sun Apr 24 06:11:31 2011] [error] [client 127.0.0.1] client denied by server configuration: E:/ma/WIKI/favicon.ico
[Sun Apr 24 06:11:33 2011] [error] [client 127.0.0.1] client denied by server configuration: E:/ma/WIKI/favicon.ico
[Sun Apr 24 06:11:42 2011] [notice] Parent: Received shutdown signal -- Shutting down the server.
[Sun Apr 24 06:11:42 2011] [notice] Child 2916: Exit event signaled. Child process is ending.
[Sun Apr 24 06:11:43 2011] [notice] Child 2916: Released the start mutex
[Sun Apr 24 06:11:48 2011] [notice] Child 2916: All worker threads have exited.
[Sun Apr 24 06:11:48 2011] [notice] Child 2916: Child process is exiting
[Sun Apr 24 06:13:31 2011] [warn] pid file E:/ma/logs/httpd.pid overwritten -- Unclean shutdown of previous Apache run?
[Sun Apr 24 06:13:31 2011] [notice] Apache configured -- resuming normal operations
[Sun Apr 24 06:13:31 2011] [notice] Server built: Oct 18 2010 01:36:23
[Sun Apr 24 06:13:31 2011] [notice] Parent: Created child process 396
[Sun Apr 24 06:13:31 2011] [notice] Disabled use of AcceptEx() WinSock2 API
Apache server shutdown initiated...
Child 396: Child process is running
[Sun Apr 24 06:13:31 2011] [notice] Child 396: Acquired the start mutex.
[Sun Apr 24 06:13:31 2011] [notice] Child 396: Starting 64 worker threads.
[Sun Apr 24 06:13:31 2011] [notice] Child 396: Listening on port 80.
[Sun Apr 24 06:13:33 2011] [error] [client 127.0.0.1] client denied by server configuration: E:/ma/WIKI/wiki
[Sun Apr 24 06:13:39 2011] [error] [client 127.0.0.1] client denied by server configuration: E:/ma/WIKI/favicon.ico
[Sun Apr 24 06:13:41 2011] [error] [client 127.0.0.1] client denied by server configuration: E:/ma/WIKI/favicon.ico
[Sun Apr 24 06:13:42 2011] [error] [client 127.0.0.1] client denied by server configuration: E:/ma/WIKI/favicon.ico
[Sun Apr 24 06:14:53 2011] [notice] Parent: Received shutdown signal -- Shutting down the server.
[Sun Apr 24 06:14:53 2011] [notice] Child 396: Exit event signaled. Child process is ending.
[Sun Apr 24 06:14:54 2011] [notice] Child 396: Released the start mutex
[Sun Apr 24 06:14:55 2011] [notice] Child 396: All worker threads have exited.
[Sun Apr 24 06:14:55 2011] [notice] Child 396: Child process is exiting
[Sun Apr 24 06:14:55 2011] [notice] Parent: Child process exited successfully.
[Sun Apr 24 06:15:24 2011] [notice] Apache configured -- resuming normal operations
[Sun Apr 24 06:15:24 2011] [notice] Server built: Oct 18 2010 01:36:23
[Sun Apr 24 06:15:24 2011] [notice] Parent: Created child process 3820
[Sun Apr 24 06:15:24 2011] [notice] Disabled use of AcceptEx() WinSock2 API
Apache server shutdown initiated...
Child 3820: Child process is running
[Sun Apr 24 06:15:24 2011] [notice] Child 3820: Acquired the start mutex.
[Sun Apr 24 06:15:24 2011] [notice] Child 3820: Starting 64 worker threads.
[Sun Apr 24 06:15:24 2011] [notice] Child 3820: Listening on port 80.
[Sun Apr 24 06:21:01 2011] [error] [client 127.0.0.1] File does not exist: E:/ma/WIKI/TabSRMM, referer: http://localhost/pmwiki.php
[Sun Apr 24 06:22:42 2011] [error] [client 127.0.0.1] File does not exist: E:/ma/WIKI/Main, referer: http://localhost/pmwiki.php
[Sun Apr 24 06:23:47 2011] [notice] Parent: Received shutdown signal -- Shutting down the server.
[Sun Apr 24 06:23:47 2011] [notice] Child 3820: Exit event signaled. Child process is ending.
[Sun Apr 24 06:23:48 2011] [notice] Child 3820: Released the start mutex
[Sun Apr 24 06:23:49 2011] [notice] Child 3820: All worker threads have exited.
[Sun Apr 24 06:23:49 2011] [notice] Child 3820: Child process is exiting
[Sun Apr 24 06:23:49 2011] [notice] Parent: Child process exited successfully.
[Sun Apr 24 06:23:56 2011] [notice] Apache configured -- resuming normal operations
[Sun Apr 24 06:23:56 2011] [notice] Server built: Oct 18 2010 01:36:23
[Sun Apr 24 06:23:56 2011] [notice] Parent: Created child process 4060
[Sun Apr 24 06:23:56 2011] [notice] Disabled use of AcceptEx() WinSock2 API
Apache server shutdown initiated...
Child 4060: Child process is running
[Sun Apr 24 06:23:56 2011] [notice] Child 4060: Acquired the start mutex.
[Sun Apr 24 06:23:56 2011] [notice] Child 4060: Starting 64 worker threads.
[Sun Apr 24 06:23:56 2011] [notice] Child 4060: Listening on port 80.
[Sun Apr 24 06:25:48 2011] [notice] Parent: Received shutdown signal -- Shutting down the server.
[Sun Apr 24 06:25:48 2011] [notice] Child 4060: Exit event signaled. Child process is ending.
[Sun Apr 24 06:25:49 2011] [notice] Child 4060: Released the start mutex
[Sun Apr 24 06:25:50 2011] [notice] Child 4060: All worker threads have exited.
[Sun Apr 24 06:25:50 2011] [notice] Child 4060: Child process is exiting
[Sun Apr 24 06:25:50 2011] [notice] Parent: Child process exited successfully.
[Sun Apr 24 06:25:54 2011] [notice] Apache configured -- resuming normal operations
[Sun Apr 24 06:25:54 2011] [notice] Server built: Oct 18 2010 01:36:23
[Sun Apr 24 06:25:54 2011] [notice] Parent: Created child process 684
[Sun Apr 24 06:25:54 2011] [notice] Disabled use of AcceptEx() WinSock2 API
Apache server shutdown initiated...
Child 684: Child process is running
[Sun Apr 24 06:25:54 2011] [notice] Child 684: Acquired the start mutex.
[Sun Apr 24 06:25:54 2011] [notice] Child 684: Starting 64 worker threads.
[Sun Apr 24 06:25:54 2011] [notice] Child 684: Listening on port 80.
[Sun Apr 24 06:26:25 2011] [notice] Parent: Received shutdown signal -- Shutting down the server.
[Sun Apr 24 06:26:25 2011] [notice] Child 684: Exit event signaled. Child process is ending.
[Sun Apr 24 06:26:26 2011] [notice] Child 684: Released the start mutex
[Sun Apr 24 06:26:26 2011] [notice] Child 684: All worker threads have exited.
[Sun Apr 24 06:26:26 2011] [notice] Child 684: Child process is exiting
[Sun Apr 24 06:26:26 2011] [notice] Parent: Child process exited successfully.
[Sun Apr 24 06:30:51 2011] [notice] Apache configured -- resuming normal operations
[Sun Apr 24 06:30:51 2011] [notice] Server built: Oct 18 2010 01:36:23
[Sun Apr 24 06:30:51 2011] [notice] Parent: Created child process 3896
[Sun Apr 24 06:30:52 2011] [notice] Disabled use of AcceptEx() WinSock2 API
Apache server shutdown initiated...
Child 3896: Child process is running
[Sun Apr 24 06:30:52 2011] [notice] Child 3896: Acquired the start mutex.
[Sun Apr 24 06:30:52 2011] [notice] Child 3896: Starting 64 worker threads.
[Sun Apr 24 06:30:52 2011] [notice] Child 3896: Listening on port 80.
[Sun Apr 24 06:33:52 2011] [notice] Parent: Received shutdown signal -- Shutting down the server.
[Sun Apr 24 06:33:52 2011] [notice] Child 3896: Exit event signaled. Child process is ending.
[Sun Apr 24 06:33:53 2011] [notice] Child 3896: Released the start mutex
[Sun Apr 24 06:33:54 2011] [notice] Child 3896: All worker threads have exited.
[Sun Apr 24 06:33:54 2011] [notice] Child 3896: Child process is exiting
[Sun Apr 24 06:33:54 2011] [notice] Parent: Child process exited successfully.
[Sun Apr 24 06:34:45 2011] [notice] Apache configured -- resuming normal operations
[Sun Apr 24 06:34:45 2011] [notice] Server built: Oct 18 2010 01:36:23
[Sun Apr 24 06:34:45 2011] [notice] Parent: Created child process 1744
[Sun Apr 24 06:34:45 2011] [notice] Disabled use of AcceptEx() WinSock2 API
Apache server shutdown initiated...
Child 1744: Child process is running
[Sun Apr 24 06:34:45 2011] [notice] Child 1744: Acquired the start mutex.
[Sun Apr 24 06:34:45 2011] [notice] Child 1744: Starting 64 worker threads.
[Sun Apr 24 06:34:45 2011] [notice] Child 1744: Listening on port 80.
[Sun Apr 24 06:35:33 2011] [notice] Parent: Received shutdown signal -- Shutting down the server.
[Sun Apr 24 06:35:33 2011] [notice] Child 1744: Exit event signaled. Child process is ending.
[Sun Apr 24 06:35:34 2011] [notice] Child 1744: Released the start mutex
[Sun Apr 24 06:35:34 2011] [notice] Child 1744: All worker threads have exited.
[Sun Apr 24 06:35:34 2011] [notice] Child 1744: Child process is exiting
[Sun Apr 24 06:35:34 2011] [notice] Parent: Child process exited successfully.
[Sun Apr 24 06:36:14 2011] [notice] Apache configured -- resuming normal operations
[Sun Apr 24 06:36:14 2011] [notice] Server built: Oct 18 2010 01:36:23
[Sun Apr 24 06:36:14 2011] [notice] Parent: Created child process 3376
[Sun Apr 24 06:36:14 2011] [notice] Disabled use of AcceptEx() WinSock2 API
Apache server shutdown initiated...
Child 3376: Child process is running
[Sun Apr 24 06:36:14 2011] [notice] Child 3376: Acquired the start mutex.
[Sun Apr 24 06:36:14 2011] [notice] Child 3376: Starting 64 worker threads.
[Sun Apr 24 06:36:14 2011] [notice] Child 3376: Listening on port 80.
[Sun Apr 24 08:20:54 2011] [notice] Parent: Received shutdown signal -- Shutting down the server.
[Sun Apr 24 08:20:54 2011] [notice] Child 3376: Exit event signaled. Child process is ending.
[Sun Apr 24 08:20:55 2011] [notice] Child 3376: Released the start mutex
[Sun Apr 24 08:20:55 2011] [notice] Child 3376: All worker threads have exited.
[Sun Apr 24 08:20:55 2011] [notice] Child 3376: Child process is exiting
[Sun Apr 24 08:20:55 2011] [notice] Parent: Child process exited successfully.
[Mon May 16 19:42:02 2011] [notice] Apache configured -- resuming normal operations
[Mon May 16 19:42:02 2011] [notice] Server built: Oct 18 2010 01:36:23
[Mon May 16 19:42:02 2011] [notice] Parent: Created child process 3632
[Mon May 16 19:42:02 2011] [notice] Disabled use of AcceptEx() WinSock2 API
Apache server shutdown initiated...
Child 3632: Child process is running
[Mon May 16 19:42:02 2011] [notice] Child 3632: Acquired the start mutex.
[Mon May 16 19:42:02 2011] [notice] Child 3632: Starting 64 worker threads.
[Mon May 16 19:42:02 2011] [notice] Child 3632: Listening on port 80.
[Mon May 16 19:42:08 2011] [notice] Parent: Received shutdown signal -- Shutting down the server.
[Mon May 16 19:42:08 2011] [notice] Child 3632: Exit event signaled. Child process is ending.
[Mon May 16 19:42:09 2011] [notice] Child 3632: Released the start mutex
[Mon May 16 19:42:09 2011] [notice] Child 3632: All worker threads have exited.
[Mon May 16 19:42:09 2011] [notice] Child 3632: Child process is exiting
[Mon May 16 19:42:09 2011] [notice] Parent: Child process exited successfully.
[Mon May 16 19:43:23 2011] [notice] Apache configured -- resuming normal operations
[Mon May 16 19:43:23 2011] [notice] Server built: Oct 18 2010 01:36:23
[Mon May 16 19:43:23 2011] [notice] Parent: Created child process 4804
[Mon May 16 19:43:23 2011] [notice] Disabled use of AcceptEx() WinSock2 API
Apache server shutdown initiated...
Child 4804: Child process is running
[Mon May 16 19:43:23 2011] [notice] Child 4804: Acquired the start mutex.
[Mon May 16 19:43:23 2011] [notice] Child 4804: Starting 64 worker threads.
[Mon May 16 19:43:23 2011] [notice] Child 4804: Listening on port 80.
[Mon May 16 19:43:50 2011] [notice] Parent: Received shutdown signal -- Shutting down the server.
[Mon May 16 19:43:50 2011] [notice] Child 4804: Exit event signaled. Child process is ending.
[Mon May 16 19:43:51 2011] [notice] Child 4804: Released the start mutex
[Mon May 16 19:43:56 2011] [notice] Child 4804: All worker threads have exited.
[Mon May 16 19:43:56 2011] [notice] Child 4804: Child process is exiting
[Tue May 17 03:13:50 2011] [warn] pid file C:/Users/alex/Dropbox/ma/logs/httpd.pid overwritten -- Unclean shutdown of previous Apache run?
[Tue May 17 03:13:50 2011] [notice] Apache configured -- resuming normal operations
[Tue May 17 03:13:50 2011] [notice] Server built: Oct 18 2010 01:36:23
[Tue May 17 03:13:50 2011] [notice] Parent: Created child process 4300
[Tue May 17 03:13:50 2011] [notice] Disabled use of AcceptEx() WinSock2 API
Apache server shutdown initiated...
Child 4300: Child process is running
[Tue May 17 03:13:50 2011] [notice] Child 4300: Acquired the start mutex.
[Tue May 17 03:13:50 2011] [notice] Child 4300: Starting 64 worker threads.
[Tue May 17 03:13:50 2011] [notice] Child 4300: Listening on port 80.
[Tue May 17 04:22:24 2011] [notice] Parent: Received shutdown signal -- Shutting down the server.
[Tue May 17 04:22:24 2011] [notice] Child 4300: Exit event signaled. Child process is ending.
[Tue May 17 04:22:25 2011] [notice] Child 4300: Released the start mutex
[Tue May 17 04:22:25 2011] [notice] Child 4300: All worker threads have exited.
[Tue May 17 04:22:25 2011] [notice] Child 4300: Child process is exiting
[Tue May 17 04:22:25 2011] [notice] Parent: Child process exited successfully.
[Thu May 19 12:16:07 2011] [notice] Apache configured -- resuming normal operations
[Thu May 19 12:16:07 2011] [notice] Server built: Oct 18 2010 01:36:23
[Thu May 19 12:16:07 2011] [notice] Parent: Created child process 3300
[Thu May 19 12:16:07 2011] [notice] Disabled use of AcceptEx() WinSock2 API
Apache server shutdown initiated...
Child 3300: Child process is running
[Thu May 19 12:16:07 2011] [notice] Child 3300: Acquired the start mutex.
[Thu May 19 12:16:07 2011] [notice] Child 3300: Starting 64 worker threads.
[Thu May 19 12:16:07 2011] [notice] Child 3300: Listening on port 80.
[Thu May 19 12:25:34 2011] [notice] Parent: Received shutdown signal -- Shutting down the server.
[Thu May 19 12:25:34 2011] [notice] Child 3300: Exit event signaled. Child process is ending.
[Thu May 19 12:25:35 2011] [notice] Child 3300: Released the start mutex
[Thu May 19 12:25:35 2011] [notice] Child 3300: All worker threads have exited.
[Thu May 19 12:25:35 2011] [notice] Child 3300: Child process is exiting
[Thu May 19 12:25:35 2011] [notice] Parent: Child process exited successfully.
[Fri May 20 12:11:47 2011] [notice] Apache configured -- resuming normal operations
[Fri May 20 12:11:47 2011] [notice] Server built: Oct 18 2010 01:36:23
[Fri May 20 12:11:47 2011] [notice] Parent: Created child process 3368
[Fri May 20 12:11:47 2011] [notice] Disabled use of AcceptEx() WinSock2 API
Apache server shutdown initiated...
Child 3368: Child process is running
[Fri May 20 12:11:47 2011] [notice] Child 3368: Acquired the start mutex.
[Fri May 20 12:11:47 2011] [notice] Child 3368: Starting 64 worker threads.
[Fri May 20 12:11:47 2011] [notice] Child 3368: Listening on port 80.
[Fri May 20 13:02:04 2011] [notice] Parent: Received shutdown signal -- Shutting down the server.
[Fri May 20 13:02:04 2011] [notice] Child 3368: Exit event signaled. Child process is ending.
[Fri May 20 13:02:05 2011] [notice] Child 3368: Released the start mutex
[Fri May 20 13:02:05 2011] [notice] Child 3368: All worker threads have exited.
[Fri May 20 13:02:05 2011] [notice] Child 3368: Child process is exiting
[Fri May 20 13:02:05 2011] [notice] Parent: Child process exited successfully.
[Fri May 20 20:17:09 2011] [notice] Apache configured -- resuming normal operations
[Fri May 20 20:17:09 2011] [notice] Server built: Oct 18 2010 01:36:23
[Fri May 20 20:17:09 2011] [notice] Parent: Created child process 1040
[Fri May 20 20:17:09 2011] [notice] Disabled use of AcceptEx() WinSock2 API
Apache server shutdown initiated...
Child 1040: Child process is running
[Fri May 20 20:17:09 2011] [notice] Child 1040: Acquired the start mutex.
[Fri May 20 20:17:09 2011] [notice] Child 1040: Starting 64 worker threads.
[Fri May 20 20:17:09 2011] [notice] Child 1040: Listening on port 80.
[Fri May 20 20:17:19 2011] [error] [client 127.0.0.1] client denied by server configuration: C:/Users/alex/Dropbox/ma/pocketwiki/
[Fri May 20 20:17:19 2011] [error] [client 127.0.0.1] client denied by server configuration: C:/Users/alex/Dropbox/ma/pocketwiki/favicon.ico, referer: http://localhost/
[Fri May 20 20:17:22 2011] [notice] Parent: Received shutdown signal -- Shutting down the server.
[Fri May 20 20:17:22 2011] [notice] Child 1040: Exit event signaled. Child process is ending.
[Fri May 20 20:17:23 2011] [notice] Child 1040: Released the start mutex
[Fri May 20 20:17:34 2011] [notice] Child 1040: All worker threads have exited.
[Fri May 20 20:17:34 2011] [notice] Child 1040: Child process is exiting
[Fri May 20 20:17:51 2011] [warn] pid file C:/Users/alex/Dropbox/ma/logs/httpd.pid overwritten -- Unclean shutdown of previous Apache run?
[Fri May 20 20:17:51 2011] [notice] Apache configured -- resuming normal operations
[Fri May 20 20:17:51 2011] [notice] Server built: Oct 18 2010 01:36:23
[Fri May 20 20:17:51 2011] [notice] Parent: Created child process 2372
[Fri May 20 20:17:51 2011] [notice] Disabled use of AcceptEx() WinSock2 API
Apache server shutdown initiated...
Child 2372: Child process is running
[Fri May 20 20:17:51 2011] [notice] Child 2372: Acquired the start mutex.
[Fri May 20 20:17:51 2011] [notice] Child 2372: Starting 64 worker threads.
[Fri May 20 20:17:51 2011] [notice] Child 2372: Listening on port 80.
[Fri May 20 20:18:11 2011] [notice] Parent: Received shutdown signal -- Shutting down the server.
[Fri May 20 20:18:11 2011] [notice] Child 2372: Exit event signaled. Child process is ending.
[Fri May 20 20:18:12 2011] [notice] Child 2372: Released the start mutex
[Fri May 20 20:18:16 2011] [notice] Child 2372: All worker threads have exited.
[Fri May 20 20:18:16 2011] [notice] Child 2372: Child process is exiting
[Fri May 20 20:18:16 2011] [notice] Parent: Child process exited successfully.
[Fri May 20 20:20:44 2011] [notice] Apache configured -- resuming normal operations
[Fri May 20 20:20:44 2011] [notice] Server built: Oct 18 2010 01:36:23
[Fri May 20 20:20:44 2011] [notice] Parent: Created child process 2612
[Fri May 20 20:20:44 2011] [notice] Disabled use of AcceptEx() WinSock2 API
Apache server shutdown initiated...
Child 2612: Child process is running
[Fri May 20 20:20:44 2011] [notice] Child 2612: Acquired the start mutex.
[Fri May 20 20:20:44 2011] [notice] Child 2612: Starting 64 worker threads.
[Fri May 20 20:20:44 2011] [notice] Child 2612: Listening on port 80.
[Fri May 20 21:15:07 2011] [notice] Parent: Received shutdown signal -- Shutting down the server.
[Fri May 20 21:15:07 2011] [notice] Child 2612: Exit event signaled. Child process is ending.
[Fri May 20 21:15:08 2011] [notice] Child 2612: Released the start mutex
[Fri May 20 21:15:08 2011] [notice] Child 2612: All worker threads have exited.
[Fri May 20 21:15:08 2011] [notice] Child 2612: Child process is exiting
[Fri May 20 21:15:08 2011] [notice] Parent: Child process exited successfully.
[Fri May 20 21:16:28 2011] [notice] Apache configured -- resuming normal operations
[Fri May 20 21:16:28 2011] [notice] Server built: Oct 18 2010 01:36:23
[Fri May 20 21:16:28 2011] [notice] Parent: Created child process 3216
Apache server shutdown initiated...
Child 3216: Child process is running
[Fri May 20 21:16:28 2011] [notice] Child 3216: Acquired the start mutex.
[Fri May 20 21:16:28 2011] [notice] Child 3216: Starting 64 worker threads.
[Fri May 20 21:19:07 2011] [error] [client 127.0.0.1] File does not exist: C:/Users/alex/Dropbox/ma/pocketwiki/pub/skins/green, referer: http://localhost/Firefox/Firefox
[Fri May 20 21:19:40 2011] [error] [client 127.0.0.1] File does not exist: C:/Users/alex/Dropbox/ma/pocketwiki/pub/skins/green, referer: http://localhost/Firefox/Firefox4UIStyles
[Fri May 20 21:19:47 2011] [error] [client 127.0.0.1] File does not exist: C:/Users/alex/Dropbox/ma/pocketwiki/pub/skins/green, referer: http://localhost/Firefox/Firefox
[Fri May 20 21:19:56 2011] [error] [client 127.0.0.1] File does not exist: C:/Users/alex/Dropbox/ma/pocketwiki/pub/skins/green, referer: http://localhost/Firefox/Firefox
[Fri May 20 21:19:57 2011] [error] [client 127.0.0.1] File does not exist: C:/Users/alex/Dropbox/ma/pocketwiki/pub/skins/green, referer: http://localhost/Firefox/Firefox4UIStyles
[Fri May 20 21:45:49 2011] [notice] Parent: Received shutdown signal -- Shutting down the server.
[Fri May 20 21:45:49 2011] [notice] Child 3216: Exit event signaled. Child process is ending.
[Fri May 20 21:45:50 2011] [notice] Child 3216: Released the start mutex
[Fri May 20 21:45:51 2011] [notice] Child 3216: All worker threads have exited.
[Fri May 20 21:45:51 2011] [notice] Child 3216: Child process is exiting
[Fri May 20 21:45:51 2011] [notice] Parent: Child process exited successfully.
[Fri May 20 22:50:54 2011] [notice] Apache configured -- resuming normal operations
[Fri May 20 22:50:54 2011] [notice] Server built: Oct 18 2010 01:36:23
[Fri May 20 22:50:54 2011] [notice] Parent: Created child process 1048
Apache server shutdown initiated...
Child 1048: Child process is running
[Fri May 20 22:50:54 2011] [notice] Child 1048: Acquired the start mutex.
[Fri May 20 22:50:54 2011] [notice] Child 1048: Starting 64 worker threads.
[Sat May 21 02:40:14 2011] [error] [client 127.0.0.1] File does not exist: C:/Users/alex/Dropbox/ma/pocketwiki/pub/skins/green, referer: http://localhost/Firefox/Firefox
[Sat May 21 02:40:17 2011] [error] [client 127.0.0.1] File does not exist: C:/Users/alex/Dropbox/ma/pocketwiki/pub/skins/green, referer: http://localhost/Firefox/PrefsVersion4
[Sat May 21 03:30:24 2011] [error] [client 127.0.0.1] File does not exist: C:/Users/alex/Dropbox/ma/pocketwiki/pub/skins/green, referer: http://localhost/Firefox/Firefox
[Sat May 21 05:55:55 2011] [notice] Parent: Received shutdown signal -- Shutting down the server.
[Sat May 21 05:55:55 2011] [notice] Child 1048: Exit event signaled. Child process is ending.
[Sat May 21 05:55:56 2011] [notice] Child 1048: Released the start mutex
[Sat May 21 05:55:57 2011] [notice] Child 1048: All worker threads have exited.
[Sat May 21 05:55:57 2011] [notice] Child 1048: Child process is exiting
[Sat May 21 05:55:57 2011] [notice] Parent: Child process exited successfully.
[Sun May 22 05:02:51 2011] [notice] Apache configured -- resuming normal operations
[Sun May 22 05:02:51 2011] [notice] Server built: Oct 18 2010 01:36:23
[Sun May 22 05:02:51 2011] [notice] Parent: Created child process 3144
Apache server shutdown initiated...
Child 3144: Child process is running
[Sun May 22 05:02:51 2011] [notice] Child 3144: Acquired the start mutex.
[Sun May 22 05:02:51 2011] [notice] Child 3144: Starting 64 worker threads.
[Sun May 22 05:03:37 2011] [error] [client 127.0.0.1] File does not exist: C:/Users/alex/Dropbox/ma/pocketwiki/pub/skins/green, referer: http://localhost/Firefox/Firefox
[Sun May 22 10:34:59 2011] [notice] Parent: Received shutdown signal -- Shutting down the server.
[Sun May 22 10:34:59 2011] [notice] Child 3144: Exit event signaled. Child process is ending.
[Sun May 22 10:35:00 2011] [notice] Child 3144: Released the start mutex
[Sun May 22 10:35:01 2011] [notice] Child 3144: All worker threads have exited.
[Sun May 22 10:35:01 2011] [notice] Child 3144: Child process is exiting
[Sun May 22 10:35:01 2011] [notice] Parent: Child process exited successfully.
[Wed May 25 19:27:42 2011] [notice] Apache configured -- resuming normal operations
[Wed May 25 19:27:42 2011] [notice] Server built: Oct 18 2010 01:36:23
[Wed May 25 19:27:42 2011] [notice] Parent: Created child process 3400
Apache server shutdown initiated...
Child 3400: Child process is running
[Wed May 25 19:27:42 2011] [notice] Child 3400: Acquired the start mutex.
[Wed May 25 19:27:42 2011] [notice] Child 3400: Starting 64 worker threads.
[Wed May 25 19:39:25 2011] [error] [client 127.0.0.1] File does not exist: C:/Users/alex/Dropbox/ma/pocketwiki/pub/skins/green, referer: http://localhost/Firefox/Firefox
[Wed May 25 21:28:43 2011] [notice] Parent: Received shutdown signal -- Shutting down the server.
[Wed May 25 21:28:43 2011] [notice] Child 3400: Exit event signaled. Child process is ending.
[Wed May 25 21:28:44 2011] [notice] Child 3400: Released the start mutex
[Wed May 25 21:28:45 2011] [notice] Child 3400: All worker threads have exited.
[Wed May 25 21:28:45 2011] [notice] Child 3400: Child process is exiting
[Wed May 25 21:28:45 2011] [notice] Parent: Child process exited successfully.
